==============================================================
Vitis HLS - High-Level Synthesis from C, C++ and OpenCL v2023.2 (64-bit)
Tool Version Limit: 2023.10
Copyright 1986-2022 Xilinx, Inc. All Rights Reserved.
Copyright 2022-2023 Advanced Micro Devices, Inc. All Rights Reserved.

==============================================================
INFO: [SYN 201-201] Setting up clock 'default' with a period of 10ns.
INFO: [HLS 200-1611] Setting target device to 'xc7a100t-csg324-1'
INFO: [HLS 200-1505] Using flow_target 'vivado'
INFO: [HLS 200-1510] Running: set_part xc7a100tcsg324-1 
INFO: [HLS 200-1510] Running: create_clock -period 10 -name default 
INFO: [SYN 201-201] Setting up clock 'default' with a period of 10ns.
INFO: [HLS 200-1510] Running: csynth_design 
INFO: [HLS 200-111] Finished File checks and directory preparation: CPU user time: 0 seconds. CPU system time: 0 seconds. Elapsed time: 0.125 seconds; current allocated memory: 110.617 MB.
INFO: [HLS 200-10] Analyzing design file 'prb1_c1/sc1.cpp' ... 
INFO: [HLS 200-111] Finished Source Code Analysis and Preprocessing: CPU user time: 0 seconds. CPU system time: 1 seconds. Elapsed time: 8.366 seconds; current allocated memory: 112.078 MB.
INFO: [HLS 200-777] Using interface defaults for 'Vivado' flow target.
INFO: [HLS 200-1995] There were 5 instructions in the design after the 'Compile/Link' phase of compilation. See the Design Size Report for more details: D:/FACULTATE/ANUL_III/SEM_I/CN2/xilinx/prb1_c1/solution1/syn/report/csynth_design_size.rpt
INFO: [HLS 200-1995] There were 5 instructions in the design after the 'Unroll/Inline (step 1)' phase of compilation. See the Design Size Report for more details: D:/FACULTATE/ANUL_III/SEM_I/CN2/xilinx/prb1_c1/solution1/syn/report/csynth_design_size.rpt
INFO: [HLS 200-1995] There were 5 instructions in the design after the 'Unroll/Inline (step 2)' phase of compilation. See the Design Size Report for more details: D:/FACULTATE/ANUL_III/SEM_I/CN2/xilinx/prb1_c1/solution1/syn/report/csynth_design_size.rpt
INFO: [HLS 200-1995] There were 5 instructions in the design after the 'Unroll/Inline (step 3)' phase of compilation. See the Design Size Report for more details: D:/FACULTATE/ANUL_III/SEM_I/CN2/xilinx/prb1_c1/solution1/syn/report/csynth_design_size.rpt
INFO: [HLS 200-1995] There were 5 instructions in the design after the 'Unroll/Inline (step 4)' phase of compilation. See the Design Size Report for more details: D:/FACULTATE/ANUL_III/SEM_I/CN2/xilinx/prb1_c1/solution1/syn/report/csynth_design_size.rpt
INFO: [HLS 200-1995] There were 5 instructions in the design after the 'Array/Struct (step 1)' phase of compilation. See the Design Size Report for more details: D:/FACULTATE/ANUL_III/SEM_I/CN2/xilinx/prb1_c1/solution1/syn/report/csynth_design_size.rpt
INFO: [HLS 200-1995] There were 5 instructions in the design after the 'Array/Struct (step 2)' phase of compilation. See the Design Size Report for more details: D:/FACULTATE/ANUL_III/SEM_I/CN2/xilinx/prb1_c1/solution1/syn/report/csynth_design_size.rpt
INFO: [HLS 200-1995] There were 5 instructions in the design after the 'Array/Struct (step 3)' phase of compilation. See the Design Size Report for more details: D:/FACULTATE/ANUL_III/SEM_I/CN2/xilinx/prb1_c1/solution1/syn/report/csynth_design_size.rpt
INFO: [HLS 200-1995] There were 5 instructions in the design after the 'Array/Struct (step 4)' phase of compilation. See the Design Size Report for more details: D:/FACULTATE/ANUL_III/SEM_I/CN2/xilinx/prb1_c1/solution1/syn/report/csynth_design_size.rpt
INFO: [HLS 200-1995] There were 5 instructions in the design after the 'Array/Struct (step 5)' phase of compilation. See the Design Size Report for more details: D:/FACULTATE/ANUL_III/SEM_I/CN2/xilinx/prb1_c1/solution1/syn/report/csynth_design_size.rpt
INFO: [HLS 200-1995] There were 5 instructions in the design after the 'Performance (step 1)' phase of compilation. See the Design Size Report for more details: D:/FACULTATE/ANUL_III/SEM_I/CN2/xilinx/prb1_c1/solution1/syn/report/csynth_design_size.rpt
INFO: [HLS 200-1995] There were 5 instructions in the design after the 'Performance (step 2)' phase of compilation. See the Design Size Report for more details: D:/FACULTATE/ANUL_III/SEM_I/CN2/xilinx/prb1_c1/solution1/syn/report/csynth_design_size.rpt
INFO: [HLS 200-1995] There were 5 instructions in the design after the 'Performance (step 3)' phase of compilation. See the Design Size Report for more details: D:/FACULTATE/ANUL_III/SEM_I/CN2/xilinx/prb1_c1/solution1/syn/report/csynth_design_size.rpt
INFO: [HLS 200-1995] There were 5 instructions in the design after the 'Performance (step 4)' phase of compilation. See the Design Size Report for more details: D:/FACULTATE/ANUL_III/SEM_I/CN2/xilinx/prb1_c1/solution1/syn/report/csynth_design_size.rpt
INFO: [HLS 200-1995] There were 7 instructions in the design after the 'HW Transforms (step 1)' phase of compilation. See the Design Size Report for more details: D:/FACULTATE/ANUL_III/SEM_I/CN2/xilinx/prb1_c1/solution1/syn/report/csynth_design_size.rpt
INFO: [HLS 200-1995] There were 8 instructions in the design after the 'HW Transforms (step 2)' phase of compilation. See the Design Size Report for more details: D:/FACULTATE/ANUL_III/SEM_I/CN2/xilinx/prb1_c1/solution1/syn/report/csynth_design_size.rpt
INFO: [HLS 200-111] Finished Compiling Optimization and Transform: CPU user time: 0 seconds. CPU system time: 0 seconds. Elapsed time: 12.547 seconds; current allocated memory: 114.039 MB.
INFO: [HLS 200-111] Finished Checking Pragmas: CPU user time: 0 seconds. CPU system time: 0 seconds. Elapsed time: 0.001 seconds; current allocated memory: 114.039 MB.
INFO: [HLS 200-10] Starting code transformations ...
INFO: [HLS 200-111] Finished Standard Transforms: CPU user time: 0 seconds. CPU system time: 0 seconds. Elapsed time: 0.079 seconds; current allocated memory: 117.734 MB.
INFO: [HLS 200-10] Checking synthesizability ...
INFO: [HLS 200-111] Finished Checking Synthesizability: CPU user time: 0 seconds. CPU system time: 0 seconds. Elapsed time: 0.043 seconds; current allocated memory: 118.672 MB.
INFO: [HLS 200-111] Finished Loop, function and other optimizations: CPU user time: 0 seconds. CPU system time: 0 seconds. Elapsed time: 0.068 seconds; current allocated memory: 138.770 MB.
INFO: [HLS 200-111] Finished Architecture Synthesis: CPU user time: 0 seconds. CPU system time: 0 seconds. Elapsed time: 0.041 seconds; current allocated memory: 138.781 MB.
INFO: [HLS 200-10] Starting hardware synthesis ...
INFO: [HLS 200-10] Synthesizing 'sc1' ...
INFO: [HLS 200-10] ----------------------------------------------------------------
INFO: [HLS 200-42] -- Implementing module 'sc1' 
INFO: [HLS 200-10] ----------------------------------------------------------------
INFO: [SCHED 204-11] Starting scheduling ...
INFO: [SCHED 204-11] Finished scheduling.
INFO: [HLS 200-111] Finished Scheduling: CPU user time: 0 seconds. CPU system time: 0 seconds. Elapsed time: 1.032 seconds; current allocated memory: 138.781 MB.
INFO: [BIND 205-100] Starting micro-architecture generation ...
INFO: [BIND 205-101] Performing variable lifetime analysis.
INFO: [BIND 205-101] Exploring resource sharing.
INFO: [BIND 205-101] Binding ...
INFO: [BIND 205-100] Finished micro-architecture generation.
INFO: [HLS 200-111] Finished Binding: CPU user time: 0 seconds. CPU system time: 0 seconds. Elapsed time: 0.093 seconds; current allocated memory: 138.781 MB.
INFO: [HLS 200-10] ----------------------------------------------------------------
INFO: [HLS 200-10] -- Generating RTL for module 'sc1' 
INFO: [HLS 200-10] ----------------------------------------------------------------
INFO: [RTGEN 206-500] Setting interface mode on port 'sc1/in1' to 'ap_none'.
INFO: [RTGEN 206-500] Setting interface mode on port 'sc1/out1' to 'ap_none'.
WARNING: [RTGEN 206-101] Port 'out1' with mode 'ap_none' may require an associated data valid signal to correctly communicate with other blocks or a test bench; automatic C/RTL co-simulation may not be able to verify such a port.
INFO: [RTGEN 206-500] Setting interface mode on function 'sc1' to 'ap_ctrl_none'.
INFO: [RTGEN 206-100] Finished creating RTL model for 'sc1'.
INFO: [HLS 200-111] Finished Creating RTL model: CPU user time: 0 seconds. CPU system time: 0 seconds. Elapsed time: 0.125 seconds; current allocated memory: 138.781 MB.
INFO: [HLS 200-111] Finished Generating all RTL models: CPU user time: 0 seconds. CPU system time: 0 seconds. Elapsed time: 0.346 seconds; current allocated memory: 141.750 MB.
INFO: [HLS 200-111] Finished Updating report files: CPU user time: 0 seconds. CPU system time: 0 seconds. Elapsed time: 0.436 seconds; current allocated memory: 145.680 MB.
INFO: [VHDL 208-304] Generating VHDL RTL for sc1.
INFO: [VLOG 209-307] Generating Verilog RTL for sc1.
INFO: [HLS 200-789] **** Estimated Fmax: 0.00 MHz
INFO: [HLS 200-111] Finished Command csynth_design CPU user time: 0 seconds. CPU system time: 1 seconds. Elapsed time: 23.424 seconds; current allocated memory: 35.309 MB.
==============================================================
Vitis HLS - High-Level Synthesis from C, C++ and OpenCL v2023.2 (64-bit)
Tool Version Limit: 2023.10
Copyright 1986-2022 Xilinx, Inc. All Rights Reserved.
Copyright 2022-2023 Advanced Micro Devices, Inc. All Rights Reserved.

==============================================================
INFO: [SYN 201-201] Setting up clock 'default' with a period of 10ns.
INFO: [HLS 200-1611] Setting target device to 'xc7a100t-csg324-1'
INFO: [HLS 200-1505] Using flow_target 'vivado'
INFO: [HLS 200-1510] Running: set_part xc7a100tcsg324-1 
INFO: [HLS 200-1510] Running: create_clock -period 10 -name default 
INFO: [SYN 201-201] Setting up clock 'default' with a period of 10ns.
INFO: [HLS 200-1510] Running: export_design -rtl verilog -format ip_catalog 
INFO: [IMPL 213-8] Exporting RTL as a Vivado IP.
INFO: [HLS 200-802] Generated output file prb1_c1/solution1/impl/export.zip
INFO: [HLS 200-111] Finished Command export_design CPU user time: 0 seconds. CPU system time: 0 seconds. Elapsed time: 21.689 seconds; current allocated memory: 6.188 MB.
