INFO: [VRFC 10-2263] Analyzing Verilog file "C:/Users/ifrim/Documents/RISC_V_IF_ID/RISC_V_IF_ID.srcs/sources_1/new/ID.v" into library xil_defaultlib
INFO: [VRFC 10-311] analyzing module ID
INFO: [VRFC 10-2263] Analyzing Verilog file "C:/Users/ifrim/Documents/RISC_V_IF_ID/RISC_V_IF_ID.srcs/sources_1/new/IF.v" into library xil_defaultlib
INFO: [VRFC 10-311] analyzing module IF
INFO: [VRFC 10-2263] Analyzing Verilog file "C:/Users/ifrim/Documents/RISC_V_IF_ID/RISC_V_IF_ID.srcs/sources_1/new/PC.v" into library xil_defaultlib
INFO: [VRFC 10-311] analyzing module PC
INFO: [VRFC 10-2263] Analyzing Verilog file "C:/Users/ifrim/Documents/RISC_V_IF_ID/RISC_V_IF_ID.srcs/sources_1/new/adder.v" into library xil_defaultlib
INFO: [VRFC 10-311] analyzing module adder
INFO: [VRFC 10-2263] Analyzing Verilog file "C:/Users/ifrim/Documents/RISC_V_IF_ID/RISC_V_IF_ID.srcs/sources_1/new/control_path.v" into library xil_defaultlib
INFO: [VRFC 10-311] analyzing module control_path
INFO: [VRFC 10-2263] Analyzing Verilog file "C:/Users/ifrim/Documents/RISC_V_IF_ID/RISC_V_IF_ID.srcs/sources_1/new/if_id_pipe.v" into library xil_defaultlib
INFO: [VRFC 10-311] analyzing module IF_ID_reg
INFO: [VRFC 10-2263] Analyzing Verilog file "C:/Users/ifrim/Documents/RISC_V_IF_ID/RISC_V_IF_ID.srcs/sources_1/new/imm_gen.v" into library xil_defaultlib
INFO: [VRFC 10-311] analyzing module imm_gen
INFO: [VRFC 10-2263] Analyzing Verilog file "C:/Users/ifrim/Documents/RISC_V_IF_ID/RISC_V_IF_ID.srcs/sources_1/new/instruction_memory.v" into library xil_defaultlib
INFO: [VRFC 10-311] analyzing module instruction_memory
INFO: [VRFC 10-2263] Analyzing Verilog file "C:/Users/ifrim/Documents/RISC_V_IF_ID/RISC_V_IF_ID.srcs/sources_1/new/mux2_1.v" into library xil_defaultlib
INFO: [VRFC 10-311] analyzing module mux2_1
INFO: [VRFC 10-2263] Analyzing Verilog file "C:/Users/ifrim/Documents/RISC_V_IF_ID/RISC_V_IF_ID.srcs/sources_1/new/registers.v" into library xil_defaultlib
INFO: [VRFC 10-311] analyzing module registers
INFO: [VRFC 10-2263] Analyzing Verilog file "C:/Users/ifrim/Documents/RISC_V_IF_ID/RISC_V_IF_ID.srcs/sources_1/new/risc_v.v" into library xil_defaultlib
INFO: [VRFC 10-311] analyzing module RISC_V
INFO: [VRFC 10-2263] Analyzing Verilog file "C:/Users/ifrim/Documents/RISC_V_IF_ID/RISC_V_IF_ID.srcs/sim_1/new/test_riscv.v" into library xil_defaultlib
INFO: [VRFC 10-311] analyzing module RISC_V_TB
